<?xml version="1.0" encoding="UTF-8"?>
<!-- Generated by org.testng.reporters.JUnitReportReporter -->
<testsuite hostname="first.local" failures="0" tests="1" name="runner.driverRunner" time="18.962" errors="0" timestamp="2024-03-19T16:19:38 IST" skipped="0">
  <testcase classname="runner.driverRunner" name="runScenario" time="18.962"/>
</testsuite> <!-- runner.driverRunner -->
