<?xml version="1.0" encoding="UTF-8"?>
<!-- Generated by org.testng.reporters.JUnitReportReporter -->
<testsuite hostname="first.local" failures="0" tests="1" name="sauce.runner.testRunner" time="6.590" errors="0" timestamp="2023-11-01T21:54:44 IST" skipped="0">
  <testcase classname="sauce.runner.testRunner" name="runScenario" time="6.590"/>
</testsuite> <!-- sauce.runner.testRunner -->
