<?xml version="1.0" encoding="UTF-8"?>
<!-- Generated by org.testng.reporters.JUnitReportReporter -->
<testsuite hostname="first.local" failures="0" tests="1" name="runner.driverRunner" time="20.044" errors="0" timestamp="2024-02-07T20:59:55 IST" skipped="0">
  <testcase classname="runner.driverRunner" name="runScenario" time="20.044"/>
</testsuite> <!-- runner.driverRunner -->
