<?xml version="1.0" encoding="UTF-8"?>
<!-- Generated by org.testng.reporters.JUnitReportReporter -->
<testsuite hostname="first.local" failures="0" tests="1" name="PageTest.LoginPageTest" time="16.339" errors="0" timestamp="2024-03-20T08:46:19 IST" skipped="0">
  <testcase classname="PageTest.LoginPageTest" name="user" time="16.339"/>
  <system-out/>
</testsuite> <!-- PageTest.LoginPageTest -->
