<?xml version="1.0" encoding="UTF-8"?>
<!-- Generated by org.testng.reporters.JUnitReportReporter -->
<testsuite hostname="first.local" failures="0" tests="1" name="PageTest.LoginPageTestt" time="12.769" errors="0" timestamp="2024-03-19T16:57:48 IST" skipped="0">
  <testcase classname="PageTest.LoginPageTestt" name="user" time="12.769"/>
  <system-out/>
</testsuite> <!-- PageTest.LoginPageTestt -->
