<?xml version="1.0" encoding="UTF-8"?>
<!-- Generated by org.testng.reporters.JUnitReportReporter -->
<testsuite hostname="first.local" failures="0" tests="1" name="PageTest.LoginPageTest" time="16.278" errors="0" timestamp="2024-03-19T17:00:46 IST" skipped="0">
  <testcase classname="PageTest.LoginPageTest" name="user" time="16.278"/>
  <system-out/>
</testsuite> <!-- PageTest.LoginPageTest -->
