<?xml version="1.0" encoding="UTF-8"?>
<!-- Generated by org.testng.reporters.JUnitReportReporter -->
<testsuite hostname="first.local" failures="0" tests="1" name="runner.driverRunner" time="18.597" errors="0" timestamp="2023-11-11T14:04:14 IST" skipped="0">
  <testcase classname="runner.driverRunner" name="runScenario" time="18.597"/>
</testsuite> <!-- runner.driverRunner -->
