<?xml version="1.0" encoding="UTF-8"?>
<!-- Generated by org.testng.reporters.JUnitReportReporter -->
<testsuite hostname="first.local" failures="0" tests="1" name="runner.driverRunner" time="13.092" errors="0" timestamp="2024-01-13T12:39:40 IST" skipped="0">
  <testcase classname="runner.driverRunner" name="runScenario" time="13.092"/>
</testsuite> <!-- runner.driverRunner -->
